mode: atomic
quake_report/main.go:13.13,15.19 2 0
quake_report/main.go:15.19,17.3 1 0
quake_report/main.go:18.2,19.16 2 0
quake_report/main.go:19.16,21.3 1 0
quake_report/main.go:22.2,25.25 4 0
quake_report/main.go:28.53,30.16 2 0
quake_report/main.go:30.16,33.3 2 0
quake_report/main.go:34.2,34.33 1 0
quake_report/src/adapters/converters/report_converter.go:11.43,13.2 1 1
quake_report/src/adapters/converters/report_converter.go:15.94,21.32 5 1
quake_report/src/adapters/converters/report_converter.go:21.32,28.3 1 2
quake_report/src/adapters/converters/report_converter.go:29.2,29.15 1 1
quake_report/src/shared/testify/assert/assert.go:13.76,14.12 1 0
quake_report/src/shared/testify/assert/assert.go:14.12,16.3 1 0
quake_report/src/shared/testify/assert/assert.go:17.2,18.43 2 0
quake_report/src/shared/testify/assert/assert.go:21.79,22.12 1 0
quake_report/src/shared/testify/assert/assert.go:22.12,24.3 1 0
quake_report/src/shared/testify/assert/assert.go:25.2,25.29 1 0
quake_report/src/shared/testify/assert/assert.go:28.52,29.34 1 2
quake_report/src/shared/testify/assert/assert.go:29.34,34.3 3 0
quake_report/src/shared/testify/assert/assert.go:37.35,38.10 1 0
quake_report/src/shared/testify/assert/assert.go:38.10,40.3 1 0
quake_report/src/shared/testify/assert/assert.go:43.36,44.9 1 0
quake_report/src/shared/testify/assert/assert.go:44.9,46.3 1 0
quake_report/src/shared/testify/assert/assert.go:49.59,50.14 1 0
quake_report/src/shared/testify/assert/assert.go:50.14,52.3 1 0
quake_report/src/shared/testify/assert/assert.go:54.2,55.43 2 0
quake_report/src/shared/testify/assert/assert.go:58.62,59.15 1 0
quake_report/src/shared/testify/assert/assert.go:59.15,61.3 1 0
quake_report/src/shared/testify/assert/assert.go:62.2,63.43 2 0
quake_report/src/shared/testify/assert/assert.go:66.61,67.36 1 0
quake_report/src/shared/testify/assert/assert.go:67.36,69.3 1 0
quake_report/src/shared/testify/assert/assert.go:70.2,71.43 2 0
quake_report/src/shared/testify/assert/assert.go:74.64,75.35 1 0
quake_report/src/shared/testify/assert/assert.go:75.35,77.3 1 0
quake_report/src/shared/testify/assert/assert.go:78.2,79.43 2 0
quake_report/src/shared/testify/assert/assert.go:82.64,84.49 2 0
quake_report/src/shared/testify/assert/assert.go:84.49,86.3 1 0
quake_report/src/shared/testify/assert/assert.go:89.32,90.14 1 0
quake_report/src/shared/testify/assert/assert.go:90.14,92.3 1 0
quake_report/src/shared/testify/assert/assert.go:93.2,102.36 4 0
quake_report/src/shared/testify/assert/assert.go:102.36,104.3 1 0
quake_report/src/shared/testify/assert/assert.go:105.2,105.14 1 0
quake_report/src/shared/testify/assert/assert.go:108.65,109.34 1 0
quake_report/src/shared/testify/assert/assert.go:109.34,110.23 1 0
quake_report/src/shared/testify/assert/assert.go:110.23,112.4 1 0
quake_report/src/shared/testify/assert/assert.go:114.2,114.14 1 0
quake_report/src/shared/testify/assert/assert.go:117.61,119.23 2 0
quake_report/src/shared/testify/assert/assert.go:119.23,121.3 1 0
quake_report/src/shared/testify/assert/assert.go:122.2,122.33 1 0
quake_report/src/domain/services/game_service.go:36.41,41.2 1 3
quake_report/src/domain/services/game_service.go:43.68,51.59 2 3
quake_report/src/domain/services/game_service.go:51.59,53.4 1 60
quake_report/src/domain/services/game_service.go:56.2,57.21 2 3
quake_report/src/domain/services/game_service.go:57.21,62.3 4 81
quake_report/src/domain/services/game_service.go:64.2,64.29 1 3
quake_report/src/domain/services/game_service.go:64.29,66.3 1 3
quake_report/src/domain/services/game_service.go:67.2,68.14 2 3
quake_report/src/domain/services/game_service.go:71.87,72.29 1 6
quake_report/src/domain/services/game_service.go:72.29,74.3 1 3
quake_report/src/domain/services/game_service.go:75.2,80.3 3 6
quake_report/src/domain/services/game_service.go:83.87,89.27 5 15
quake_report/src/domain/services/game_service.go:89.27,92.3 2 9
quake_report/src/domain/services/game_service.go:92.8,94.3 1 6
quake_report/src/domain/services/game_service.go:95.2,98.13 4 15
quake_report/src/domain/services/game_service.go:101.126,102.36 1 3
quake_report/src/domain/services/game_service.go:102.36,104.31 2 6
quake_report/src/domain/services/game_service.go:104.31,105.29 1 12
quake_report/src/domain/services/game_service.go:105.29,107.5 1 12
quake_report/src/domain/services/game_service.go:109.3,111.25 3 6
quake_report/src/domain/services/game_service.go:113.2,113.14 1 3
quake_report/src/domain/services/game_service.go:116.58,119.21 3 81
quake_report/src/domain/services/game_service.go:119.21,121.3 1 6
quake_report/src/domain/services/game_service.go:122.2,122.21 1 75
quake_report/src/domain/services/game_service.go:122.21,124.3 1 15
quake_report/src/domain/services/game_service.go:125.2,125.25 1 60
quake_report/src/domain/services/report_service.go:10.45,12.2 1 1
quake_report/src/domain/services/report_service.go:14.77,17.29 3 1
quake_report/src/domain/services/report_service.go:17.29,20.3 2 2
quake_report/src/domain/services/report_service.go:21.2,25.15 5 1
quake_report/src/domain/services/report_service.go:28.98,29.33 1 4
quake_report/src/domain/services/report_service.go:29.33,31.3 1 8
quake_report/src/domain/services/report_service.go:32.2,32.16 1 4
quake_report/src/shared/testify/testify.go:8.60,10.2 1 5
quake_report/src/shared/testify/testify.go:12.58,15.16 3 0
quake_report/src/shared/testify/testify.go:15.16,17.3 1 0
quake_report/src/shared/testify/testify.go:18.2,19.16 2 0
quake_report/src/shared/testify/testify.go:19.16,21.3 1 0
quake_report/src/shared/testify/testify.go:22.2,22.15 1 0
quake_report/src/shared/testify/assert/assert.go:13.76,14.12 1 17
quake_report/src/shared/testify/assert/assert.go:14.12,16.3 1 17
quake_report/src/shared/testify/assert/assert.go:17.2,18.43 2 0
quake_report/src/shared/testify/assert/assert.go:21.79,22.12 1 0
quake_report/src/shared/testify/assert/assert.go:22.12,24.3 1 0
quake_report/src/shared/testify/assert/assert.go:25.2,25.29 1 0
quake_report/src/shared/testify/assert/assert.go:28.52,29.34 1 3
quake_report/src/shared/testify/assert/assert.go:29.34,34.3 3 0
quake_report/src/shared/testify/assert/assert.go:37.35,38.10 1 0
quake_report/src/shared/testify/assert/assert.go:38.10,40.3 1 0
quake_report/src/shared/testify/assert/assert.go:43.36,44.9 1 0
quake_report/src/shared/testify/assert/assert.go:44.9,46.3 1 0
quake_report/src/shared/testify/assert/assert.go:49.59,50.14 1 0
quake_report/src/shared/testify/assert/assert.go:50.14,52.3 1 0
quake_report/src/shared/testify/assert/assert.go:54.2,55.43 2 0
quake_report/src/shared/testify/assert/assert.go:58.62,59.15 1 0
quake_report/src/shared/testify/assert/assert.go:59.15,61.3 1 0
quake_report/src/shared/testify/assert/assert.go:62.2,63.43 2 0
quake_report/src/shared/testify/assert/assert.go:66.61,67.36 1 0
quake_report/src/shared/testify/assert/assert.go:67.36,69.3 1 0
quake_report/src/shared/testify/assert/assert.go:70.2,71.43 2 0
quake_report/src/shared/testify/assert/assert.go:74.64,75.35 1 0
quake_report/src/shared/testify/assert/assert.go:75.35,77.3 1 0
quake_report/src/shared/testify/assert/assert.go:78.2,79.43 2 0
quake_report/src/shared/testify/assert/assert.go:82.64,84.49 2 0
quake_report/src/shared/testify/assert/assert.go:84.49,86.3 1 0
quake_report/src/shared/testify/assert/assert.go:89.32,90.14 1 0
quake_report/src/shared/testify/assert/assert.go:90.14,92.3 1 0
quake_report/src/shared/testify/assert/assert.go:93.2,102.36 4 0
quake_report/src/shared/testify/assert/assert.go:102.36,104.3 1 0
quake_report/src/shared/testify/assert/assert.go:105.2,105.14 1 0
quake_report/src/shared/testify/assert/assert.go:108.65,109.34 1 0
quake_report/src/shared/testify/assert/assert.go:109.34,110.23 1 0
quake_report/src/shared/testify/assert/assert.go:110.23,112.4 1 0
quake_report/src/shared/testify/assert/assert.go:114.2,114.14 1 0
quake_report/src/shared/testify/assert/assert.go:117.61,119.23 2 0
quake_report/src/shared/testify/assert/assert.go:119.23,121.3 1 0
quake_report/src/shared/testify/assert/assert.go:122.2,122.33 1 0
quake_report/src/shared/collections/collections.go:8.62,14.35 3 1
quake_report/src/shared/collections/collections.go:14.35,16.3 1 3
quake_report/src/shared/collections/collections.go:17.2,17.43 1 1
quake_report/src/shared/collections/collections.go:17.43,19.3 1 3
quake_report/src/shared/collections/collections.go:20.2,21.35 2 1
quake_report/src/shared/collections/collections.go:21.35,23.3 1 3
quake_report/src/shared/collections/collections.go:24.2,24.15 1 1
quake_report/src/shared/testify/testify.go:8.60,10.2 1 0
quake_report/src/shared/testify/testify.go:12.58,15.16 3 0
quake_report/src/shared/testify/testify.go:15.16,17.3 1 0
quake_report/src/shared/testify/testify.go:18.2,19.16 2 0
quake_report/src/shared/testify/testify.go:19.16,21.3 1 0
quake_report/src/shared/testify/testify.go:22.2,22.15 1 0
quake_report/src/shared/testify/assert/assert.go:13.76,14.12 1 0
quake_report/src/shared/testify/assert/assert.go:14.12,16.3 1 0
quake_report/src/shared/testify/assert/assert.go:17.2,18.43 2 0
quake_report/src/shared/testify/assert/assert.go:21.79,22.12 1 0
quake_report/src/shared/testify/assert/assert.go:22.12,24.3 1 0
quake_report/src/shared/testify/assert/assert.go:25.2,25.29 1 0
quake_report/src/shared/testify/assert/assert.go:28.52,29.34 1 0
quake_report/src/shared/testify/assert/assert.go:29.34,34.3 3 0
quake_report/src/shared/testify/assert/assert.go:37.35,38.10 1 0
quake_report/src/shared/testify/assert/assert.go:38.10,40.3 1 0
quake_report/src/shared/testify/assert/assert.go:43.36,44.9 1 0
quake_report/src/shared/testify/assert/assert.go:44.9,46.3 1 0
quake_report/src/shared/testify/assert/assert.go:49.59,50.14 1 0
quake_report/src/shared/testify/assert/assert.go:50.14,52.3 1 0
quake_report/src/shared/testify/assert/assert.go:54.2,55.43 2 0
quake_report/src/shared/testify/assert/assert.go:58.62,59.15 1 0
quake_report/src/shared/testify/assert/assert.go:59.15,61.3 1 0
quake_report/src/shared/testify/assert/assert.go:62.2,63.43 2 0
quake_report/src/shared/testify/assert/assert.go:66.61,67.36 1 0
quake_report/src/shared/testify/assert/assert.go:67.36,69.3 1 0
quake_report/src/shared/testify/assert/assert.go:70.2,71.43 2 0
quake_report/src/shared/testify/assert/assert.go:74.64,75.35 1 0
quake_report/src/shared/testify/assert/assert.go:75.35,77.3 1 0
quake_report/src/shared/testify/assert/assert.go:78.2,79.43 2 0
quake_report/src/shared/testify/assert/assert.go:82.64,84.49 2 0
quake_report/src/shared/testify/assert/assert.go:84.49,86.3 1 0
quake_report/src/shared/testify/assert/assert.go:89.32,90.14 1 0
quake_report/src/shared/testify/assert/assert.go:90.14,92.3 1 0
quake_report/src/shared/testify/assert/assert.go:93.2,102.36 4 0
quake_report/src/shared/testify/assert/assert.go:102.36,104.3 1 0
quake_report/src/shared/testify/assert/assert.go:105.2,105.14 1 0
quake_report/src/shared/testify/assert/assert.go:108.65,109.34 1 0
quake_report/src/shared/testify/assert/assert.go:109.34,110.23 1 0
quake_report/src/shared/testify/assert/assert.go:110.23,112.4 1 0
quake_report/src/shared/testify/assert/assert.go:114.2,114.14 1 0
quake_report/src/shared/testify/assert/assert.go:117.61,119.23 2 0
quake_report/src/shared/testify/assert/assert.go:119.23,121.3 1 0
quake_report/src/shared/testify/assert/assert.go:122.2,122.33 1 0
